<?xml version="1.0" encoding="UTF-8"?>
<!-- Generated by org.testng.reporters.JUnitXMLReporter -->
<testsuite ignored="0" hostname="New2023" failures="0" tests="3" name="Smoke" time="14.554" errors="0" timestamp="2022-12-16T15:29:13 CST">
  <testcase classname="Testcases.Homepage" name="homepageValidation" time="2.713"/>
  <testcase classname="Testcases.Homepage" name="Homepagsearch" time="3.375"/>
  <testcase classname="Testcases.LoginPage" name="ValidatLogin" time="4.619"/>
</testsuite> <!-- Smoke -->
